2024-12-03 18:06:11,513 - INFO - 로깅 설정이 완료되었습니다.
2024-12-03 18:06:11,519 - INFO - [31m[1mWARNING: This is a development server. Do not use it in a production deployment. Use a production WSGI server instead.[0m
 * Running on all addresses (0.0.0.0)
 * Running on http://127.0.0.1:5000
 * Running on http://192.168.2.17:5000
2024-12-03 18:06:11,519 - INFO - [33mPress CTRL+C to quit[0m
2024-12-03 18:06:28,110 - INFO - Received home_team: Arsenal, away_team: Liverpool
2024-12-03 18:06:28,111 - INFO - Extracted color for primary_color: [232, 36, 52]
2024-12-03 18:06:28,111 - INFO - Extracted color for secondary_color: [255, 255, 255]
2024-12-03 18:06:28,111 - INFO - Extracted color for primary_color: [27, 27, 25]
2024-12-03 18:06:28,111 - INFO - Extracted color for secondary_color: [69, 208, 207]
2024-12-03 18:06:28,111 - INFO - Extracted color for third_color: [243, 242, 235]
2024-12-03 18:06:28,112 - INFO - Loaded colors - Home: [array([232,  36,  52]), array([255, 255, 255])], Away: [array([27, 27, 25]), array([ 69, 208, 207]), array([243, 242, 235])]
2024-12-03 18:06:28,115 - INFO - 127.0.0.1 - - [03/Dec/2024 18:06:28] "POST /video/process_video HTTP/1.1" 200 -
2024-12-03 18:06:28,348 - INFO - 127.0.0.1 - - [03/Dec/2024 18:06:28] "GET /video/video-status HTTP/1.1" 200 -
2024-12-03 18:06:29,283 - INFO - Frame 1 saved
2024-12-03 18:06:29,350 - INFO - Frame 2 saved
2024-12-03 18:06:29,419 - INFO - Frame 3 saved
2024-12-03 18:06:29,487 - INFO - Frame 4 saved
2024-12-03 18:06:29,550 - INFO - Frame 5 saved
2024-12-03 18:06:29,615 - INFO - Frame 6 saved
2024-12-03 18:06:29,678 - INFO - Frame 7 saved
2024-12-03 18:06:29,742 - INFO - Frame 8 saved
2024-12-03 18:06:29,809 - INFO - Frame 9 saved
2024-12-03 18:06:29,872 - INFO - Frame 10 saved
2024-12-03 18:06:29,938 - INFO - Frame 11 saved
2024-12-03 18:06:30,008 - INFO - Frame 12 saved
2024-12-03 18:06:30,073 - INFO - Frame 13 saved
2024-12-03 18:06:30,139 - INFO - Frame 14 saved
2024-12-03 18:06:30,203 - INFO - Frame 15 saved
2024-12-03 18:06:30,266 - INFO - Frame 16 saved
2024-12-03 18:06:30,327 - INFO - Frame 17 saved
2024-12-03 18:06:30,390 - INFO - Frame 18 saved
2024-12-03 18:06:30,453 - INFO - Frame 19 saved
2024-12-03 18:06:30,514 - INFO - Frame 20 saved
2024-12-03 18:06:30,575 - INFO - Frame 21 saved
2024-12-03 18:06:30,637 - INFO - Frame 22 saved
2024-12-03 18:06:30,700 - INFO - Frame 23 saved
2024-12-03 18:06:30,761 - INFO - Frame 24 saved
2024-12-03 18:06:30,823 - INFO - Frame 25 saved
2024-12-03 18:06:30,886 - INFO - Frame 26 saved
2024-12-03 18:06:30,948 - INFO - Frame 27 saved
2024-12-03 18:06:31,012 - INFO - Frame 28 saved
2024-12-03 18:06:31,077 - INFO - Frame 29 saved
2024-12-03 18:06:31,142 - INFO - Frame 30 saved
2024-12-03 18:06:31,204 - INFO - Frame 31 saved
2024-12-03 18:06:31,266 - INFO - Frame 32 saved
2024-12-03 18:06:31,331 - INFO - Frame 33 saved
2024-12-03 18:06:31,394 - INFO - Frame 34 saved
2024-12-03 18:06:31,455 - INFO - Frame 35 saved
2024-12-03 18:06:31,518 - INFO - Frame 36 saved
2024-12-03 18:06:31,581 - INFO - Frame 37 saved
2024-12-03 18:06:31,643 - INFO - Frame 38 saved
2024-12-03 18:06:31,706 - INFO - Frame 39 saved
2024-12-03 18:06:31,770 - INFO - Frame 40 saved
2024-12-03 18:06:31,834 - INFO - Frame 41 saved
2024-12-03 18:06:31,899 - INFO - Frame 42 saved
2024-12-03 18:06:31,962 - INFO - Frame 43 saved
2024-12-03 18:06:32,027 - INFO - Frame 44 saved
2024-12-03 18:06:32,090 - INFO - Frame 45 saved
2024-12-03 18:06:32,156 - INFO - Frame 46 saved
2024-12-03 18:06:32,221 - INFO - Frame 47 saved
2024-12-03 18:06:32,283 - INFO - Frame 48 saved
2024-12-03 18:06:32,345 - INFO - Frame 49 saved
2024-12-03 18:06:32,409 - INFO - Frame 50 saved
2024-12-03 18:06:32,473 - INFO - Frame 51 saved
2024-12-03 18:06:32,536 - INFO - Frame 52 saved
2024-12-03 18:06:32,598 - INFO - Frame 53 saved
2024-12-03 18:06:32,662 - INFO - Frame 54 saved
2024-12-03 18:06:32,724 - INFO - Frame 55 saved
2024-12-03 18:06:32,785 - INFO - Frame 56 saved
2024-12-03 18:06:32,849 - INFO - Frame 57 saved
2024-12-03 18:06:32,912 - INFO - Frame 58 saved
2024-12-03 18:06:32,974 - INFO - Frame 59 saved
2024-12-03 18:06:33,038 - INFO - Frame 60 saved
2024-12-03 18:06:33,130 - INFO - Frame 61 saved
2024-12-03 18:06:33,190 - INFO - Frame 62 saved
2024-12-03 18:06:33,252 - INFO - Frame 63 saved
2024-12-03 18:06:33,316 - INFO - Frame 64 saved
2024-12-03 18:06:33,379 - INFO - Frame 65 saved
2024-12-03 18:06:33,387 - INFO - 127.0.0.1 - - [03/Dec/2024 18:06:33] "GET /video/video-status HTTP/1.1" 200 -
2024-12-03 18:06:33,444 - INFO - Frame 66 saved
2024-12-03 18:06:33,509 - INFO - Frame 67 saved
2024-12-03 18:06:33,574 - INFO - Frame 68 saved
2024-12-03 18:06:33,638 - INFO - Frame 69 saved
2024-12-03 18:06:33,702 - INFO - Frame 70 saved
2024-12-03 18:06:33,765 - INFO - Frame 71 saved
2024-12-03 18:06:33,827 - INFO - Frame 72 saved
2024-12-03 18:06:33,887 - INFO - Frame 73 saved
2024-12-03 18:06:33,949 - INFO - Frame 74 saved
2024-12-03 18:06:34,013 - INFO - Frame 75 saved
2024-12-03 18:06:34,074 - INFO - Frame 76 saved
2024-12-03 18:06:34,135 - INFO - Frame 77 saved
2024-12-03 18:06:34,198 - INFO - Frame 78 saved
2024-12-03 18:06:34,262 - INFO - Frame 79 saved
2024-12-03 18:06:34,324 - INFO - Frame 80 saved
2024-12-03 18:06:34,385 - INFO - Frame 81 saved
2024-12-03 18:06:34,448 - INFO - Frame 82 saved
2024-12-03 18:06:34,511 - INFO - Frame 83 saved
2024-12-03 18:06:34,572 - INFO - Frame 84 saved
2024-12-03 18:06:34,634 - INFO - Frame 85 saved
2024-12-03 18:06:34,696 - INFO - Frame 86 saved
2024-12-03 18:06:34,757 - INFO - Frame 87 saved
2024-12-03 18:06:34,818 - INFO - Frame 88 saved
2024-12-03 18:06:34,881 - INFO - Frame 89 saved
2024-12-03 18:06:34,943 - INFO - Frame 90 saved
2024-12-03 18:06:35,004 - INFO - Frame 91 saved
2024-12-03 18:06:35,067 - INFO - Frame 92 saved
2024-12-03 18:06:35,129 - INFO - Frame 93 saved
2024-12-03 18:06:35,190 - INFO - Frame 94 saved
2024-12-03 18:06:35,250 - INFO - Frame 95 saved
2024-12-03 18:06:35,314 - INFO - Frame 96 saved
2024-12-03 18:06:35,377 - INFO - Frame 97 saved
2024-12-03 18:06:35,438 - INFO - Frame 98 saved
2024-12-03 18:06:35,499 - INFO - Frame 99 saved
2024-12-03 18:06:35,561 - INFO - Frame 100 saved
2024-12-03 18:06:35,624 - INFO - Frame 101 saved
2024-12-03 18:06:35,685 - INFO - Frame 102 saved
2024-12-03 18:06:35,746 - INFO - Frame 103 saved
2024-12-03 18:06:35,807 - INFO - Frame 104 saved
2024-12-03 18:06:35,869 - INFO - Frame 105 saved
2024-12-03 18:06:35,931 - INFO - Frame 106 saved
2024-12-03 18:06:35,992 - INFO - Frame 107 saved
2024-12-03 18:06:36,055 - INFO - Frame 108 saved
2024-12-03 18:06:36,117 - INFO - Frame 109 saved
2024-12-03 18:06:36,179 - INFO - Frame 110 saved
2024-12-03 18:06:36,241 - INFO - Frame 111 saved
2024-12-03 18:06:36,304 - INFO - Frame 112 saved
2024-12-03 18:06:36,366 - INFO - Frame 113 saved
2024-12-03 18:06:36,426 - INFO - Frame 114 saved
2024-12-03 18:06:36,488 - INFO - Frame 115 saved
2024-12-03 18:06:36,552 - INFO - Frame 116 saved
2024-12-03 18:06:36,612 - INFO - Frame 117 saved
2024-12-03 18:06:36,675 - INFO - Frame 118 saved
2024-12-03 18:06:36,743 - INFO - Frame 119 saved
2024-12-03 18:06:36,805 - INFO - Frame 120 saved
2024-12-03 18:06:36,866 - INFO - Frame 121 saved
2024-12-03 18:06:36,928 - INFO - Frame 122 saved
2024-12-03 18:06:36,991 - INFO - Frame 123 saved
2024-12-03 18:06:37,053 - INFO - Frame 124 saved
2024-12-03 18:06:37,116 - INFO - Frame 125 saved
2024-12-03 18:06:37,180 - INFO - Frame 126 saved
2024-12-03 18:06:37,250 - INFO - Frame 127 saved
2024-12-03 18:06:37,316 - INFO - Frame 128 saved
2024-12-03 18:06:37,379 - INFO - Frame 129 saved
2024-12-03 18:06:37,443 - INFO - Frame 130 saved
2024-12-03 18:06:37,505 - INFO - Frame 131 saved
2024-12-03 18:06:37,567 - INFO - Frame 132 saved
2024-12-03 18:06:37,630 - INFO - Frame 133 saved
2024-12-03 18:06:37,691 - INFO - Frame 134 saved
2024-12-03 18:06:37,754 - INFO - Frame 135 saved
2024-12-03 18:06:37,816 - INFO - Frame 136 saved
2024-12-03 18:06:37,878 - INFO - Frame 137 saved
2024-12-03 18:06:37,938 - INFO - Frame 138 saved
2024-12-03 18:06:37,999 - INFO - Frame 139 saved
2024-12-03 18:06:38,063 - INFO - Frame 140 saved
2024-12-03 18:06:38,125 - INFO - Frame 141 saved
2024-12-03 18:06:38,185 - INFO - Frame 142 saved
2024-12-03 18:06:38,247 - INFO - Frame 143 saved
2024-12-03 18:06:38,309 - INFO - Frame 144 saved
2024-12-03 18:06:38,370 - INFO - Frame 145 saved
2024-12-03 18:06:38,407 - INFO - 127.0.0.1 - - [03/Dec/2024 18:06:38] "GET /video/video-status HTTP/1.1" 200 -
2024-12-03 18:06:38,433 - INFO - Frame 146 saved
2024-12-03 18:06:38,495 - INFO - Frame 147 saved
2024-12-03 18:06:38,558 - INFO - Frame 148 saved
2024-12-03 18:06:38,623 - INFO - Frame 149 saved
2024-12-03 18:06:38,688 - INFO - Frame 150 saved
2024-12-03 18:06:38,768 - INFO - Frame 151 saved
2024-12-03 18:06:38,833 - INFO - Frame 152 saved
2024-12-03 18:06:38,900 - INFO - Frame 153 saved
2024-12-03 18:06:38,967 - INFO - Frame 154 saved
2024-12-03 18:06:39,039 - INFO - Frame 155 saved
2024-12-03 18:06:39,108 - INFO - Frame 156 saved
2024-12-03 18:06:39,166 - INFO - Frame 157 saved
2024-12-03 18:06:39,245 - INFO - Frame 158 saved
2024-12-03 18:06:39,312 - INFO - Frame 159 saved
2024-12-03 18:06:39,376 - INFO - Frame 160 saved
2024-12-03 18:06:39,440 - INFO - Frame 161 saved
2024-12-03 18:06:39,505 - INFO - Frame 162 saved
2024-12-03 18:06:39,568 - INFO - Frame 163 saved
2024-12-03 18:06:39,631 - INFO - Frame 164 saved
2024-12-03 18:06:39,694 - INFO - Frame 165 saved
2024-12-03 18:06:39,757 - INFO - Frame 166 saved
2024-12-03 18:06:39,818 - INFO - Frame 167 saved
2024-12-03 18:06:39,882 - INFO - Frame 168 saved
2024-12-03 18:06:39,944 - INFO - Frame 169 saved
2024-12-03 18:06:40,007 - INFO - Frame 170 saved
2024-12-03 18:06:40,069 - INFO - Frame 171 saved
2024-12-03 18:06:40,132 - INFO - Frame 172 saved
2024-12-03 18:06:40,195 - INFO - Frame 173 saved
2024-12-03 18:06:40,257 - INFO - Frame 174 saved
2024-12-03 18:06:40,320 - INFO - Frame 175 saved
2024-12-03 18:06:40,383 - INFO - Frame 176 saved
2024-12-03 18:06:40,444 - INFO - Frame 177 saved
2024-12-03 18:06:40,507 - INFO - Frame 178 saved
2024-12-03 18:06:40,570 - INFO - Frame 179 saved
2024-12-03 18:06:40,633 - INFO - Frame 180 saved
2024-12-03 18:06:40,693 - INFO - Frame 181 saved
2024-12-03 18:06:40,756 - INFO - Frame 182 saved
2024-12-03 18:06:40,820 - INFO - Frame 183 saved
2024-12-03 18:06:40,882 - INFO - Frame 184 saved
2024-12-03 18:06:40,943 - INFO - Frame 185 saved
2024-12-03 18:06:41,007 - INFO - Frame 186 saved
2024-12-03 18:06:41,070 - INFO - Frame 187 saved
2024-12-03 18:06:41,131 - INFO - Frame 188 saved
2024-12-03 18:06:41,191 - INFO - Frame 189 saved
2024-12-03 18:06:41,256 - INFO - Frame 190 saved
2024-12-03 18:06:41,317 - INFO - Frame 191 saved
2024-12-03 18:06:41,378 - INFO - Frame 192 saved
2024-12-03 18:06:41,440 - INFO - Frame 193 saved
2024-12-03 18:06:41,503 - INFO - Frame 194 saved
2024-12-03 18:06:41,564 - INFO - Frame 195 saved
2024-12-03 18:06:41,625 - INFO - Frame 196 saved
2024-12-03 18:06:41,687 - INFO - Frame 197 saved
2024-12-03 18:06:41,749 - INFO - Frame 198 saved
2024-12-03 18:06:41,809 - INFO - Frame 199 saved
2024-12-03 18:06:41,870 - INFO - Frame 200 saved
2024-12-03 18:06:41,933 - INFO - Frame 201 saved
2024-12-03 18:06:41,997 - INFO - Frame 202 saved
2024-12-03 18:06:42,059 - INFO - Frame 203 saved
2024-12-03 18:06:42,121 - INFO - Frame 204 saved
2024-12-03 18:06:42,183 - INFO - Frame 205 saved
2024-12-03 18:06:42,246 - INFO - Frame 206 saved
2024-12-03 18:06:42,307 - INFO - Frame 207 saved
2024-12-03 18:06:42,369 - INFO - Frame 208 saved
2024-12-03 18:06:42,431 - INFO - Frame 209 saved
2024-12-03 18:06:42,491 - INFO - Frame 210 saved
2024-12-03 18:06:42,553 - INFO - Frame 211 saved
2024-12-03 18:06:42,616 - INFO - Frame 212 saved
2024-12-03 18:06:42,677 - INFO - Frame 213 saved
2024-12-03 18:06:42,738 - INFO - Frame 214 saved
2024-12-03 18:06:42,799 - INFO - Frame 215 saved
2024-12-03 18:06:42,861 - INFO - Frame 216 saved
2024-12-03 18:06:42,921 - INFO - Frame 217 saved
2024-12-03 18:06:42,982 - INFO - Frame 218 saved
2024-12-03 18:06:43,044 - INFO - Frame 219 saved
2024-12-03 18:06:43,107 - INFO - Frame 220 saved
2024-12-03 18:06:43,167 - INFO - Frame 221 saved
2024-12-03 18:06:43,230 - INFO - Frame 222 saved
2024-12-03 18:06:43,293 - INFO - Frame 223 saved
2024-12-03 18:06:43,354 - INFO - Frame 224 saved
2024-12-03 18:06:43,415 - INFO - Frame 225 saved
2024-12-03 18:06:43,430 - INFO - 127.0.0.1 - - [03/Dec/2024 18:06:43] "GET /video/video-status HTTP/1.1" 200 -
2024-12-03 18:06:43,481 - INFO - Frame 226 saved
2024-12-03 18:06:43,544 - INFO - Frame 227 saved
2024-12-03 18:06:43,605 - INFO - Frame 228 saved
2024-12-03 18:06:43,670 - INFO - Frame 229 saved
2024-12-03 18:06:43,736 - INFO - Frame 230 saved
2024-12-03 18:06:43,798 - INFO - Frame 231 saved
2024-12-03 18:06:43,858 - INFO - Frame 232 saved
2024-12-03 18:06:43,921 - INFO - Frame 233 saved
2024-12-03 18:06:43,984 - INFO - Frame 234 saved
2024-12-03 18:06:44,044 - INFO - Frame 235 saved
2024-12-03 18:06:44,105 - INFO - Frame 236 saved
2024-12-03 18:06:44,168 - INFO - Frame 237 saved
2024-12-03 18:06:44,231 - INFO - Frame 238 saved
2024-12-03 18:06:44,292 - INFO - Frame 239 saved
2024-12-03 18:06:44,354 - INFO - Frame 240 saved
2024-12-03 18:06:44,416 - INFO - Frame 241 saved
2024-12-03 18:06:44,476 - INFO - Frame 242 saved
2024-12-03 18:06:44,539 - INFO - Frame 243 saved
2024-12-03 18:06:44,602 - INFO - Frame 244 saved
2024-12-03 18:06:44,664 - INFO - Frame 245 saved
2024-12-03 18:06:44,725 - INFO - Frame 246 saved
2024-12-03 18:06:44,786 - INFO - Frame 247 saved
2024-12-03 18:06:44,849 - INFO - Frame 248 saved
2024-12-03 18:06:44,911 - INFO - Frame 249 saved
2024-12-03 18:06:44,972 - INFO - Frame 250 saved
2024-12-03 18:06:45,035 - INFO - Frame 251 saved
2024-12-03 18:06:45,099 - INFO - Frame 252 saved
2024-12-03 18:06:45,160 - INFO - Frame 253 saved
2024-12-03 18:06:45,221 - INFO - Frame 254 saved
2024-12-03 18:06:45,282 - INFO - Frame 255 saved
2024-12-03 18:06:45,346 - INFO - Frame 256 saved
2024-12-03 18:06:45,407 - INFO - Frame 257 saved
2024-12-03 18:06:45,471 - INFO - Frame 258 saved
2024-12-03 18:06:45,535 - INFO - Frame 259 saved
2024-12-03 18:06:45,597 - INFO - Frame 260 saved
2024-12-03 18:06:45,658 - INFO - Frame 261 saved
2024-12-03 18:06:45,721 - INFO - Frame 262 saved
2024-12-03 18:06:45,784 - INFO - Frame 263 saved
2024-12-03 18:06:45,844 - INFO - Frame 264 saved
2024-12-03 18:06:45,926 - INFO - Frame 265 saved
2024-12-03 18:06:45,990 - INFO - Frame 266 saved
2024-12-03 18:06:46,053 - INFO - Frame 267 saved
2024-12-03 18:06:46,115 - INFO - Frame 268 saved
2024-12-03 18:06:46,179 - INFO - Frame 269 saved
2024-12-03 18:06:46,242 - INFO - Frame 270 saved
2024-12-03 18:06:46,306 - INFO - Frame 271 saved
2024-12-03 18:06:46,370 - INFO - Frame 272 saved
2024-12-03 18:06:46,435 - INFO - Frame 273 saved
2024-12-03 18:06:46,502 - INFO - Frame 274 saved
2024-12-03 18:06:46,571 - INFO - Frame 275 saved
2024-12-03 18:06:46,639 - INFO - Frame 276 saved
2024-12-03 18:06:46,703 - INFO - Frame 277 saved
2024-12-03 18:06:46,769 - INFO - Frame 278 saved
2024-12-03 18:06:46,836 - INFO - Frame 279 saved
2024-12-03 18:06:46,902 - INFO - Frame 280 saved
2024-12-03 18:06:46,964 - INFO - Frame 281 saved
2024-12-03 18:06:47,028 - INFO - Frame 282 saved
2024-12-03 18:06:47,091 - INFO - Frame 283 saved
2024-12-03 18:06:47,154 - INFO - Frame 284 saved
2024-12-03 18:06:47,215 - INFO - Frame 285 saved
2024-12-03 18:06:47,280 - INFO - Frame 286 saved
2024-12-03 18:06:47,342 - INFO - Frame 287 saved
2024-12-03 18:06:47,404 - INFO - Frame 288 saved
2024-12-03 18:06:47,467 - INFO - Frame 289 saved
2024-12-03 18:06:47,530 - INFO - Frame 290 saved
2024-12-03 18:06:47,593 - INFO - Frame 291 saved
2024-12-03 18:06:47,666 - INFO - Frame 292 saved
2024-12-03 18:06:47,729 - INFO - Frame 293 saved
2024-12-03 18:06:47,792 - INFO - Frame 294 saved
2024-12-03 18:06:47,856 - INFO - Frame 295 saved
2024-12-03 18:06:47,921 - INFO - Frame 296 saved
2024-12-03 18:06:47,984 - INFO - Frame 297 saved
2024-12-03 18:06:48,047 - INFO - Frame 298 saved
2024-12-03 18:06:48,112 - INFO - Frame 299 saved
2024-12-03 18:06:48,178 - INFO - Frame 300 saved
2024-12-03 18:06:48,238 - INFO - Frame 301 saved
2024-12-03 18:06:48,299 - INFO - Frame 302 saved
2024-12-03 18:06:48,363 - INFO - Frame 303 saved
2024-12-03 18:06:48,426 - INFO - Frame 304 saved
2024-12-03 18:06:48,477 - INFO - 127.0.0.1 - - [03/Dec/2024 18:06:48] "GET /video/video-status HTTP/1.1" 200 -
2024-12-03 18:06:48,488 - INFO - Frame 305 saved
2024-12-03 18:06:48,551 - INFO - Frame 306 saved
2024-12-03 18:06:48,615 - INFO - Frame 307 saved
2024-12-03 18:06:48,679 - INFO - Frame 308 saved
2024-12-03 18:06:48,749 - INFO - Frame 309 saved
2024-12-03 18:06:48,815 - INFO - Frame 310 saved
2024-12-03 18:06:48,879 - INFO - Frame 311 saved
2024-12-03 18:06:48,941 - INFO - Frame 312 saved
2024-12-03 18:06:49,002 - INFO - Frame 313 saved
2024-12-03 18:06:49,066 - INFO - Frame 314 saved
2024-12-03 18:06:49,140 - INFO - Frame 315 saved
2024-12-03 18:06:49,202 - INFO - Frame 316 saved
2024-12-03 18:06:49,265 - INFO - Frame 317 saved
2024-12-03 18:06:49,329 - INFO - Frame 318 saved
2024-12-03 18:06:49,390 - INFO - Frame 319 saved
2024-12-03 18:06:49,452 - INFO - Frame 320 saved
2024-12-03 18:06:49,515 - INFO - Frame 321 saved
2024-12-03 18:06:49,577 - INFO - Frame 322 saved
2024-12-03 18:06:49,638 - INFO - Frame 323 saved
2024-12-03 18:06:49,702 - INFO - Frame 324 saved
2024-12-03 18:06:49,765 - INFO - Frame 325 saved
2024-12-03 18:06:49,829 - INFO - Frame 326 saved
2024-12-03 18:06:49,893 - INFO - Frame 327 saved
2024-12-03 18:06:49,958 - INFO - Frame 328 saved
2024-12-03 18:06:50,024 - INFO - Frame 329 saved
2024-12-03 18:06:50,088 - INFO - Frame 330 saved
2024-12-03 18:06:50,150 - INFO - Frame 331 saved
2024-12-03 18:06:50,215 - INFO - Frame 332 saved
2024-12-03 18:06:50,276 - INFO - Frame 333 saved
2024-12-03 18:06:50,338 - INFO - Frame 334 saved
2024-12-03 18:06:50,400 - INFO - Frame 335 saved
2024-12-03 18:06:50,466 - INFO - Frame 336 saved
2024-12-03 18:06:50,528 - INFO - Frame 337 saved
2024-12-03 18:06:50,589 - INFO - Frame 338 saved
2024-12-03 18:06:50,652 - INFO - Frame 339 saved
2024-12-03 18:06:50,713 - INFO - Frame 340 saved
2024-12-03 18:06:50,778 - INFO - Frame 341 saved
2024-12-03 18:06:50,846 - INFO - Frame 342 saved
2024-12-03 18:06:50,913 - INFO - Frame 343 saved
2024-12-03 18:06:50,977 - INFO - Frame 344 saved
2024-12-03 18:06:51,048 - INFO - Frame 345 saved
2024-12-03 18:06:51,115 - INFO - Frame 346 saved
2024-12-03 18:06:51,178 - INFO - Frame 347 saved
2024-12-03 18:06:51,239 - INFO - Frame 348 saved
2024-12-03 18:06:51,300 - INFO - Frame 349 saved
2024-12-03 18:06:51,363 - INFO - Frame 350 saved
2024-12-03 18:06:51,425 - INFO - Frame 351 saved
2024-12-03 18:06:51,487 - INFO - Frame 352 saved
2024-12-03 18:06:51,551 - INFO - Frame 353 saved
2024-12-03 18:06:51,614 - INFO - Frame 354 saved
2024-12-03 18:06:51,679 - INFO - Frame 355 saved
2024-12-03 18:06:51,747 - INFO - Frame 356 saved
2024-12-03 18:06:51,818 - INFO - Frame 357 saved
2024-12-03 18:06:51,887 - INFO - Frame 358 saved
2024-12-03 18:06:51,950 - INFO - Frame 359 saved
2024-12-03 18:06:52,015 - INFO - Frame 360 saved
2024-12-03 18:06:52,077 - INFO - Frame 361 saved
2024-12-03 18:06:52,145 - INFO - Frame 362 saved
2024-12-03 18:06:52,215 - INFO - Frame 363 saved
2024-12-03 18:06:52,281 - INFO - Frame 364 saved
2024-12-03 18:06:52,345 - INFO - Frame 365 saved
2024-12-03 18:06:52,411 - INFO - Frame 366 saved
2024-12-03 18:06:52,478 - INFO - Frame 367 saved
2024-12-03 18:06:52,542 - INFO - Frame 368 saved
2024-12-03 18:06:52,608 - INFO - Frame 369 saved
2024-12-03 18:06:52,671 - INFO - Frame 370 saved
2024-12-03 18:06:52,734 - INFO - Frame 371 saved
2024-12-03 18:06:52,804 - INFO - Frame 372 saved
2024-12-03 18:06:52,870 - INFO - Frame 373 saved
2024-12-03 18:06:52,942 - INFO - Frame 374 saved
2024-12-03 18:06:53,023 - INFO - Frame 375 saved
2024-12-03 18:06:53,095 - INFO - Frame 376 saved
2024-12-03 18:06:53,171 - INFO - Frame 377 saved
2024-12-03 18:06:53,249 - INFO - Frame 378 saved
2024-12-03 18:06:53,335 - INFO - Frame 379 saved
2024-12-03 18:06:53,415 - INFO - Frame 380 saved
2024-12-03 18:06:53,484 - INFO - Frame 381 saved
2024-12-03 18:06:53,554 - INFO - Frame 382 saved
2024-12-03 18:06:53,626 - INFO - Frame 383 saved
2024-12-03 18:06:53,692 - INFO - Frame 384 saved
2024-12-03 18:06:53,761 - INFO - Frame 385 saved
2024-12-03 18:06:53,842 - INFO - Frame 386 saved
2024-12-03 18:06:53,912 - INFO - Frame 387 saved
2024-12-03 18:06:53,982 - INFO - Frame 388 saved
2024-12-03 18:06:54,049 - INFO - Frame 389 saved
2024-12-03 18:06:54,117 - INFO - Frame 390 saved
2024-12-03 18:06:54,188 - INFO - Frame 391 saved
2024-12-03 18:06:54,258 - INFO - Frame 392 saved
2024-12-03 18:06:54,321 - INFO - Frame 393 saved
2024-12-03 18:06:54,387 - INFO - Frame 394 saved
2024-12-03 18:06:54,451 - INFO - Frame 395 saved
2024-12-03 18:06:54,482 - INFO - 127.0.0.1 - - [03/Dec/2024 18:06:54] "GET /video/video-status HTTP/1.1" 200 -
2024-12-03 18:06:54,513 - INFO - Frame 396 saved
2024-12-03 18:06:54,578 - INFO - Frame 397 saved
2024-12-03 18:06:54,644 - INFO - Frame 398 saved
2024-12-03 18:06:54,708 - INFO - Frame 399 saved
2024-12-03 18:06:54,777 - INFO - Frame 400 saved
2024-12-03 18:06:54,842 - INFO - Frame 401 saved
2024-12-03 18:06:54,904 - INFO - Frame 402 saved
2024-12-03 18:06:54,965 - INFO - Frame 403 saved
2024-12-03 18:06:55,030 - INFO - Frame 404 saved
2024-12-03 18:06:55,093 - INFO - Frame 405 saved
2024-12-03 18:06:55,155 - INFO - Frame 406 saved
2024-12-03 18:06:55,215 - INFO - Frame 407 saved
2024-12-03 18:06:55,279 - INFO - Frame 408 saved
2024-12-03 18:06:55,340 - INFO - Frame 409 saved
2024-12-03 18:06:55,401 - INFO - Frame 410 saved
2024-12-03 18:06:55,463 - INFO - Frame 411 saved
2024-12-03 18:06:55,526 - INFO - Frame 412 saved
2024-12-03 18:06:55,589 - INFO - Frame 413 saved
2024-12-03 18:06:55,649 - INFO - Frame 414 saved
2024-12-03 18:06:55,712 - INFO - Frame 415 saved
2024-12-03 18:06:55,776 - INFO - Frame 416 saved
2024-12-03 18:06:55,841 - INFO - Frame 417 saved
2024-12-03 18:06:55,902 - INFO - Frame 418 saved
2024-12-03 18:06:55,965 - INFO - Frame 419 saved
2024-12-03 18:06:56,028 - INFO - Frame 420 saved
2024-12-03 18:06:56,089 - INFO - Frame 421 saved
2024-12-03 18:06:56,153 - INFO - Frame 422 saved
2024-12-03 18:06:56,218 - INFO - Frame 423 saved
2024-12-03 18:06:56,288 - INFO - Frame 424 saved
2024-12-03 18:06:56,357 - INFO - Frame 425 saved
2024-12-03 18:06:56,428 - INFO - Frame 426 saved
2024-12-03 18:06:56,499 - INFO - Frame 427 saved
2024-12-03 18:06:56,564 - INFO - Frame 428 saved
2024-12-03 18:06:56,630 - INFO - Frame 429 saved
2024-12-03 18:06:56,694 - INFO - Frame 430 saved
2024-12-03 18:06:56,757 - INFO - Frame 431 saved
2024-12-03 18:06:56,822 - INFO - Frame 432 saved
2024-12-03 18:06:56,889 - INFO - Frame 433 saved
2024-12-03 18:06:56,953 - INFO - Frame 434 saved
2024-12-03 18:06:57,025 - INFO - Frame 435 saved
2024-12-03 18:06:57,101 - INFO - Frame 436 saved
2024-12-03 18:06:57,174 - INFO - Frame 437 saved
2024-12-03 18:06:57,238 - INFO - Frame 438 saved
2024-12-03 18:06:57,304 - INFO - Frame 439 saved
2024-12-03 18:06:57,371 - INFO - Frame 440 saved
2024-12-03 18:06:57,438 - INFO - Frame 441 saved
2024-12-03 18:06:57,503 - INFO - Frame 442 saved
2024-12-03 18:06:57,567 - INFO - Frame 443 saved
2024-12-03 18:06:57,632 - INFO - Frame 444 saved
2024-12-03 18:06:57,693 - INFO - Frame 445 saved
2024-12-03 18:06:57,759 - INFO - Frame 446 saved
2024-12-03 18:06:57,824 - INFO - Frame 447 saved
2024-12-03 18:06:57,892 - INFO - Frame 448 saved
2024-12-03 18:06:57,955 - INFO - Frame 449 saved
2024-12-03 18:06:58,023 - INFO - Frame 450 saved
2024-12-03 18:06:58,100 - INFO - Frame 451 saved
2024-12-03 18:06:58,167 - INFO - Frame 452 saved
2024-12-03 18:06:58,235 - INFO - Frame 453 saved
2024-12-03 18:06:58,300 - INFO - Frame 454 saved
2024-12-03 18:06:58,364 - INFO - Frame 455 saved
2024-12-03 18:06:58,426 - INFO - Frame 456 saved
2024-12-03 18:06:58,490 - INFO - Frame 457 saved
2024-12-03 18:06:58,554 - INFO - Frame 458 saved
2024-12-03 18:06:58,617 - INFO - Frame 459 saved
2024-12-03 18:06:58,681 - INFO - Frame 460 saved
2024-12-03 18:06:58,744 - INFO - Frame 461 saved
2024-12-03 18:06:58,811 - INFO - Frame 462 saved
2024-12-03 18:06:58,881 - INFO - Frame 463 saved
2024-12-03 18:06:58,945 - INFO - Frame 464 saved
2024-12-03 18:06:59,013 - INFO - Frame 465 saved
2024-12-03 18:06:59,081 - INFO - Frame 466 saved
2024-12-03 18:06:59,150 - INFO - Frame 467 saved
2024-12-03 18:06:59,214 - INFO - Frame 468 saved
2024-12-03 18:06:59,278 - INFO - Frame 469 saved
2024-12-03 18:06:59,343 - INFO - Frame 470 saved
2024-12-03 18:06:59,406 - INFO - Frame 471 saved
2024-12-03 18:06:59,470 - INFO - Frame 472 saved
2024-12-03 18:06:59,534 - INFO - Frame 473 saved
2024-12-03 18:06:59,596 - INFO - Frame 474 saved
2024-12-03 18:06:59,657 - INFO - Frame 475 saved
2024-12-03 18:06:59,719 - INFO - Frame 476 saved
2024-12-03 18:06:59,784 - INFO - Frame 477 saved
2024-12-03 18:06:59,846 - INFO - Frame 478 saved
2024-12-03 18:06:59,907 - INFO - Frame 479 saved
2024-12-03 18:06:59,968 - INFO - Frame 480 saved
2024-12-03 18:07:00,030 - INFO - Frame 481 saved
2024-12-03 18:07:00,091 - INFO - Frame 482 saved
2024-12-03 18:07:00,153 - INFO - Frame 483 saved
2024-12-03 18:07:00,215 - INFO - Frame 484 saved
2024-12-03 18:07:00,282 - INFO - Frame 485 saved
2024-12-03 18:07:00,343 - INFO - Frame 486 saved
2024-12-03 18:07:00,406 - INFO - Frame 487 saved
2024-12-03 18:07:00,468 - INFO - Frame 488 saved
2024-12-03 18:07:00,475 - INFO - 127.0.0.1 - - [03/Dec/2024 18:07:00] "GET /video/video-status HTTP/1.1" 200 -
2024-12-03 18:07:00,532 - INFO - Frame 489 saved
2024-12-03 18:07:00,595 - INFO - Frame 490 saved
2024-12-03 18:07:00,666 - INFO - Frame 491 saved
2024-12-03 18:07:00,735 - INFO - Frame 492 saved
2024-12-03 18:07:00,803 - INFO - Frame 493 saved
2024-12-03 18:07:00,867 - INFO - Frame 494 saved
2024-12-03 18:07:00,931 - INFO - Frame 495 saved
2024-12-03 18:07:00,995 - INFO - Frame 496 saved
2024-12-03 18:07:01,061 - INFO - Frame 497 saved
2024-12-03 18:07:01,126 - INFO - Frame 498 saved
2024-12-03 18:07:01,190 - INFO - Frame 499 saved
2024-12-03 18:07:01,252 - INFO - Frame 500 saved
2024-12-03 18:07:01,317 - INFO - Frame 501 saved
2024-12-03 18:07:01,378 - INFO - Frame 502 saved
2024-12-03 18:07:01,439 - INFO - Frame 503 saved
2024-12-03 18:07:01,501 - INFO - Frame 504 saved
2024-12-03 18:07:01,562 - INFO - Frame 505 saved
2024-12-03 18:07:01,624 - INFO - Frame 506 saved
2024-12-03 18:07:01,685 - INFO - Frame 507 saved
2024-12-03 18:07:01,749 - INFO - Frame 508 saved
2024-12-03 18:07:01,811 - INFO - Frame 509 saved
2024-12-03 18:07:01,873 - INFO - Frame 510 saved
2024-12-03 18:07:01,937 - INFO - Frame 511 saved
2024-12-03 18:07:02,000 - INFO - Frame 512 saved
2024-12-03 18:07:02,061 - INFO - Frame 513 saved
2024-12-03 18:07:02,125 - INFO - Frame 514 saved
2024-12-03 18:07:02,195 - INFO - Frame 515 saved
2024-12-03 18:07:02,257 - INFO - Player color detected: away_team
2024-12-03 18:07:02,262 - INFO - Frame 516 saved
2024-12-03 18:07:02,326 - INFO - Frame 517 saved
2024-12-03 18:07:02,390 - INFO - Frame 518 saved
2024-12-03 18:07:02,453 - INFO - Frame 519 saved
2024-12-03 18:07:02,515 - INFO - Frame 520 saved
2024-12-03 18:07:02,581 - INFO - Frame 521 saved
2024-12-03 18:07:02,646 - INFO - Frame 522 saved
2024-12-03 18:07:02,710 - INFO - Frame 523 saved
2024-12-03 18:07:02,775 - INFO - Frame 524 saved
2024-12-03 18:07:02,850 - INFO - Player color detected: away_team
2024-12-03 18:07:02,857 - INFO - Frame 525 saved
2024-12-03 18:07:02,955 - INFO - Team votes: Counter({'away_team': 5}), Assigned to: away_team
2024-12-03 18:07:02,955 - INFO - Player color detected: away_team
2024-12-03 18:07:02,959 - INFO - Frame 526 saved
2024-12-03 18:07:03,023 - INFO - Frame 527 saved
2024-12-03 18:07:03,088 - INFO - Frame 528 saved
2024-12-03 18:07:03,152 - INFO - Frame 529 saved
2024-12-03 18:07:03,216 - INFO - Frame 530 saved
2024-12-03 18:07:03,283 - INFO - Frame 531 saved
2024-12-03 18:07:03,345 - INFO - Frame 532 saved
2024-12-03 18:07:03,406 - INFO - Frame 533 saved
2024-12-03 18:07:03,469 - INFO - Frame 534 saved
2024-12-03 18:07:03,535 - INFO - Frame 535 saved
2024-12-03 18:07:03,598 - INFO - Frame 536 saved
2024-12-03 18:07:03,672 - INFO - Player color detected: away_team
2024-12-03 18:07:03,679 - INFO - Frame 537 saved
2024-12-03 18:07:03,754 - INFO - Player color detected: away_team
2024-12-03 18:07:03,760 - INFO - Frame 538 saved
2024-12-03 18:07:03,823 - INFO - Frame 539 saved
2024-12-03 18:07:03,885 - INFO - Frame 540 saved
2024-12-03 18:07:03,947 - INFO - Frame 541 saved
2024-12-03 18:07:04,010 - INFO - Frame 542 saved
2024-12-03 18:07:04,071 - INFO - Frame 543 saved
2024-12-03 18:07:04,134 - INFO - Frame 544 saved
2024-12-03 18:07:04,199 - INFO - Frame 545 saved
2024-12-03 18:07:04,261 - INFO - Frame 546 saved
2024-12-03 18:07:04,322 - INFO - Frame 547 saved
2024-12-03 18:07:04,385 - INFO - Frame 548 saved
2024-12-03 18:07:04,454 - INFO - Frame 549 saved
2024-12-03 18:07:04,517 - INFO - Frame 550 saved
2024-12-03 18:07:04,726 - INFO - Player color detected: away_team
2024-12-03 18:07:04,731 - INFO - Frame 551 saved
2024-12-03 18:07:04,794 - INFO - Frame 552 saved
2024-12-03 18:07:04,857 - INFO - Frame 553 saved
2024-12-03 18:07:04,921 - INFO - Frame 554 saved
2024-12-03 18:07:04,984 - INFO - Frame 555 saved
2024-12-03 18:07:05,048 - INFO - Frame 556 saved
2024-12-03 18:07:05,109 - INFO - Frame 557 saved
2024-12-03 18:07:05,171 - INFO - Frame 558 saved
2024-12-03 18:07:05,228 - INFO - Player color detected: away_team
2024-12-03 18:07:05,235 - INFO - Frame 559 saved
2024-12-03 18:07:05,298 - INFO - Frame 560 saved
2024-12-03 18:07:05,360 - INFO - Frame 561 saved
2024-12-03 18:07:05,466 - INFO - Player color detected: away_team
2024-12-03 18:07:05,471 - INFO - Frame 562 saved
2024-12-03 18:07:05,492 - INFO - 127.0.0.1 - - [03/Dec/2024 18:07:05] "GET /video/video-status HTTP/1.1" 200 -
2024-12-03 18:07:05,535 - INFO - Frame 563 saved
2024-12-03 18:07:05,598 - INFO - Frame 564 saved
2024-12-03 18:07:05,656 - INFO - Player color detected: away_team
2024-12-03 18:07:05,661 - INFO - Frame 565 saved
2024-12-03 18:07:05,726 - INFO - Frame 566 saved
2024-12-03 18:07:05,794 - INFO - Frame 567 saved
2024-12-03 18:07:05,855 - INFO - Frame 568 saved
2024-12-03 18:07:05,919 - INFO - Frame 569 saved
2024-12-03 18:07:05,982 - INFO - Frame 570 saved
2024-12-03 18:07:06,043 - INFO - Frame 571 saved
2024-12-03 18:07:06,106 - INFO - Frame 572 saved
2024-12-03 18:07:06,169 - INFO - Frame 573 saved
2024-12-03 18:07:06,231 - INFO - Frame 574 saved
2024-12-03 18:07:06,292 - INFO - Frame 575 saved
2024-12-03 18:07:06,354 - INFO - Frame 576 saved
2024-12-03 18:07:06,416 - INFO - Frame 577 saved
2024-12-03 18:07:06,477 - INFO - Frame 578 saved
2024-12-03 18:07:06,539 - INFO - Frame 579 saved
2024-12-03 18:07:06,602 - INFO - Frame 580 saved
2024-12-03 18:07:06,663 - INFO - Frame 581 saved
2024-12-03 18:07:06,724 - INFO - Frame 582 saved
2024-12-03 18:07:06,786 - INFO - Frame 583 saved
2024-12-03 18:07:06,849 - INFO - Frame 584 saved
2024-12-03 18:07:06,910 - INFO - Frame 585 saved
2024-12-03 18:07:06,970 - INFO - Frame 586 saved
2024-12-03 18:07:07,032 - INFO - Frame 587 saved
2024-12-03 18:07:07,095 - INFO - Frame 588 saved
2024-12-03 18:07:07,156 - INFO - Frame 589 saved
2024-12-03 18:07:07,219 - INFO - Frame 590 saved
2024-12-03 18:07:07,288 - INFO - Frame 591 saved
2024-12-03 18:07:07,351 - INFO - Frame 592 saved
2024-12-03 18:07:07,411 - INFO - Frame 593 saved
2024-12-03 18:07:07,476 - INFO - Frame 594 saved
2024-12-03 18:07:07,538 - INFO - Frame 595 saved
2024-12-03 18:07:07,600 - INFO - Frame 596 saved
2024-12-03 18:07:07,662 - INFO - Frame 597 saved
2024-12-03 18:07:07,725 - INFO - Frame 598 saved
2024-12-03 18:07:07,787 - INFO - Frame 599 saved
2024-12-03 18:07:07,848 - INFO - Frame 600 saved
2024-12-03 18:07:07,910 - INFO - Frame 601 saved
2024-12-03 18:07:07,972 - INFO - Frame 602 saved
2024-12-03 18:07:08,033 - INFO - Frame 603 saved
2024-12-03 18:07:08,096 - INFO - Frame 604 saved
2024-12-03 18:07:08,159 - INFO - Frame 605 saved
2024-12-03 18:07:08,222 - INFO - Frame 606 saved
2024-12-03 18:07:08,282 - INFO - Frame 607 saved
2024-12-03 18:07:08,344 - INFO - Frame 608 saved
2024-12-03 18:07:08,407 - INFO - Player color detected: away_team
2024-12-03 18:07:08,412 - INFO - Frame 609 saved
2024-12-03 18:07:08,475 - INFO - Player color detected: away_team
2024-12-03 18:07:08,480 - INFO - Frame 610 saved
2024-12-03 18:07:08,550 - INFO - Player color detected: away_team
2024-12-03 18:07:08,556 - INFO - Frame 611 saved
2024-12-03 18:07:08,620 - INFO - Frame 612 saved
2024-12-03 18:07:08,681 - INFO - Frame 613 saved
2024-12-03 18:07:08,739 - INFO - Player color detected: away_team
2024-12-03 18:07:08,743 - INFO - Frame 614 saved
2024-12-03 18:07:08,804 - INFO - Frame 615 saved
2024-12-03 18:07:08,866 - INFO - Frame 616 saved
2024-12-03 18:07:08,928 - INFO - Frame 617 saved
2024-12-03 18:07:08,990 - INFO - Frame 618 saved
2024-12-03 18:07:09,053 - INFO - Frame 619 saved
2024-12-03 18:07:09,114 - INFO - Frame 620 saved
2024-12-03 18:07:09,176 - INFO - Frame 621 saved
2024-12-03 18:07:09,237 - INFO - Frame 622 saved
2024-12-03 18:07:09,301 - INFO - Frame 623 saved
2024-12-03 18:07:09,362 - INFO - Frame 624 saved
2024-12-03 18:07:09,424 - INFO - Frame 625 saved
2024-12-03 18:07:09,488 - INFO - Frame 626 saved
2024-12-03 18:07:09,551 - INFO - Frame 627 saved
2024-12-03 18:07:09,612 - INFO - Frame 628 saved
2024-12-03 18:07:09,674 - INFO - Frame 629 saved
2024-12-03 18:07:09,737 - INFO - Frame 630 saved
2024-12-03 18:07:09,798 - INFO - Frame 631 saved
2024-12-03 18:07:09,859 - INFO - Frame 632 saved
2024-12-03 18:07:09,921 - INFO - Frame 633 saved
2024-12-03 18:07:09,983 - INFO - Frame 634 saved
2024-12-03 18:07:10,045 - INFO - Frame 635 saved
2024-12-03 18:07:10,107 - INFO - Frame 636 saved
2024-12-03 18:07:10,169 - INFO - Frame 637 saved
2024-12-03 18:07:10,233 - INFO - Frame 638 saved
2024-12-03 18:07:10,294 - INFO - Frame 639 saved
2024-12-03 18:07:10,356 - INFO - Frame 640 saved
2024-12-03 18:07:10,419 - INFO - Frame 641 saved
2024-12-03 18:07:10,483 - INFO - Frame 642 saved
2024-12-03 18:07:10,509 - INFO - 127.0.0.1 - - [03/Dec/2024 18:07:10] "GET /video/video-status HTTP/1.1" 200 -
2024-12-03 18:07:10,544 - INFO - Frame 643 saved
2024-12-03 18:07:10,607 - INFO - Frame 644 saved
2024-12-03 18:07:10,672 - INFO - Frame 645 saved
2024-12-03 18:07:10,736 - INFO - Frame 646 saved
2024-12-03 18:07:10,803 - INFO - Frame 647 saved
2024-12-03 18:07:10,867 - INFO - Frame 648 saved
2024-12-03 18:07:10,931 - INFO - Frame 649 saved
2024-12-03 18:07:10,994 - INFO - Frame 650 saved
2024-12-03 18:07:11,056 - INFO - Frame 651 saved
2024-12-03 18:07:11,119 - INFO - Frame 652 saved
2024-12-03 18:07:11,181 - INFO - Frame 653 saved
2024-12-03 18:07:11,242 - INFO - Frame 654 saved
2024-12-03 18:07:11,305 - INFO - Frame 655 saved
2024-12-03 18:07:11,366 - INFO - Frame 656 saved
2024-12-03 18:07:11,428 - INFO - Frame 657 saved
2024-12-03 18:07:11,492 - INFO - Frame 658 saved
2024-12-03 18:07:11,555 - INFO - Frame 659 saved
2024-12-03 18:07:11,617 - INFO - Frame 660 saved
2024-12-03 18:07:11,679 - INFO - Frame 661 saved
2024-12-03 18:07:11,743 - INFO - Frame 662 saved
2024-12-03 18:07:11,806 - INFO - Frame 663 saved
2024-12-03 18:07:11,868 - INFO - Frame 664 saved
2024-12-03 18:07:11,929 - INFO - Frame 665 saved
2024-12-03 18:07:11,992 - INFO - Frame 666 saved
2024-12-03 18:07:12,054 - INFO - Frame 667 saved
2024-12-03 18:07:12,116 - INFO - Frame 668 saved
2024-12-03 18:07:12,180 - INFO - Player color detected: away_team
2024-12-03 18:07:12,184 - INFO - Frame 669 saved
2024-12-03 18:07:12,247 - INFO - Frame 670 saved
2024-12-03 18:07:12,310 - INFO - Frame 671 saved
2024-12-03 18:07:12,379 - INFO - Frame 672 saved
2024-12-03 18:07:12,445 - INFO - Frame 673 saved
2024-12-03 18:07:12,508 - INFO - Frame 674 saved
2024-12-03 18:07:12,568 - INFO - Frame 675 saved
2024-12-03 18:07:12,629 - INFO - Frame 676 saved
2024-12-03 18:07:12,692 - INFO - Frame 677 saved
2024-12-03 18:07:12,755 - INFO - Frame 678 saved
2024-12-03 18:07:12,815 - INFO - Frame 679 saved
2024-12-03 18:07:12,877 - INFO - Frame 680 saved
2024-12-03 18:07:12,940 - INFO - Frame 681 saved
2024-12-03 18:07:13,001 - INFO - Frame 682 saved
2024-12-03 18:07:13,062 - INFO - Frame 683 saved
2024-12-03 18:07:13,124 - INFO - Frame 684 saved
2024-12-03 18:07:13,183 - INFO - Frame 685 saved
2024-12-03 18:07:13,238 - INFO - Frame 686 saved
2024-12-03 18:07:13,296 - INFO - Frame 687 saved
2024-12-03 18:07:13,354 - INFO - Frame 688 saved
2024-12-03 18:07:13,411 - INFO - Frame 689 saved
2024-12-03 18:07:13,468 - INFO - Frame 690 saved
2024-12-03 18:07:13,524 - INFO - Frame 691 saved
2024-12-03 18:07:13,582 - INFO - Frame 692 saved
2024-12-03 18:07:13,639 - INFO - Frame 693 saved
2024-12-03 18:07:13,695 - INFO - Frame 694 saved
2024-12-03 18:07:13,751 - INFO - Frame 695 saved
2024-12-03 18:07:13,809 - INFO - Frame 696 saved
2024-12-03 18:07:13,867 - INFO - Frame 697 saved
2024-12-03 18:07:13,923 - INFO - Frame 698 saved
2024-12-03 18:07:13,980 - INFO - Frame 699 saved
2024-12-03 18:07:14,039 - INFO - Frame 700 saved
2024-12-03 18:07:14,096 - INFO - Frame 701 saved
2024-12-03 18:07:14,152 - INFO - Frame 702 saved
2024-12-03 18:07:14,208 - INFO - Frame 703 saved
2024-12-03 18:07:14,267 - INFO - Frame 704 saved
2024-12-03 18:07:14,324 - INFO - Frame 705 saved
2024-12-03 18:07:14,380 - INFO - Frame 706 saved
2024-12-03 18:07:14,436 - INFO - Frame 707 saved
2024-12-03 18:07:14,494 - INFO - Frame 708 saved
2024-12-03 18:07:14,553 - INFO - Frame 709 saved
2024-12-03 18:07:14,608 - INFO - Frame 710 saved
2024-12-03 18:07:14,665 - INFO - Frame 711 saved
2024-12-03 18:07:14,723 - INFO - Frame 712 saved
2024-12-03 18:07:14,780 - INFO - Frame 713 saved
2024-12-03 18:07:14,835 - INFO - Frame 714 saved
2024-12-03 18:07:14,891 - INFO - Frame 715 saved
2024-12-03 18:07:14,952 - INFO - Frame 716 saved
2024-12-03 18:07:15,009 - INFO - Frame 717 saved
2024-12-03 18:07:15,065 - INFO - Frame 718 saved
2024-12-03 18:07:15,122 - INFO - Frame 719 saved
2024-12-03 18:07:15,180 - INFO - Frame 720 saved
2024-12-03 18:07:15,238 - INFO - Frame 721 saved
2024-12-03 18:07:15,238 - INFO - Video processing completed, now saving...
2024-12-03 18:07:15,246 - INFO - Video processing completed, now verifying save...
2024-12-03 18:07:15,246 - INFO - Processed video saved successfully: C:/work_oneteam/sa_proj_flask/app/static/video\processed_video.mp4
2024-12-03 18:07:15,247 - INFO - Directory contents: ['processed_video.mp4', 'processed_video_h264.mp4']
2024-12-03 18:07:15,247 - INFO - Processed video file size: 22645365 bytes.
2024-12-03 18:07:15,247 - INFO - File size check passed.
2024-12-03 18:07:15,515 - INFO - 127.0.0.1 - - [03/Dec/2024 18:07:15] "GET /video/video-status HTTP/1.1" 200 -
2024-12-03 18:07:15,531 - INFO - 127.0.0.1 - - [03/Dec/2024 18:07:15] "GET /video/video-status HTTP/1.1" 200 -
2024-12-03 18:07:15,567 - INFO - 127.0.0.1 - - [03/Dec/2024 18:07:15] "GET /video/download_video HTTP/1.1" 200 -
